cabal: Entering directory '/tmp/cabal-tmp-779/atomic-primops-0.8.4'
Configuring atomic-primops-0.8.4...
Preprocessing library for atomic-primops-0.8.4..
Building library for atomic-primops-0.8.4..
[1 of 3] Compiling Data.Atomics.Internal ( Data/Atomics/Internal.hs, dist/dist-sandbox-11ecf6a4/build/Data/Atomics/Internal.o )

Data/Atomics/Internal.hs:52:20: warning: [-Wunused-top-binds]
    Defined but not used: data constructor `Ticket'
   |
52 | newtype Ticket a = Ticket Any
   |                    ^^^^^^^^^^
[2 of 3] Compiling Data.Atomics.Counter ( Data/Atomics/Counter.hs, dist/dist-sandbox-11ecf6a4/build/Data/Atomics/Counter.o )

Data/Atomics/Counter.hs:114:7: warning: [-Wunbanged-strict-patterns]
    Pattern bindings containing unlifted types should use
    an outermost bang pattern:
      (# s2#, res# #) = casIntArray# mba# 0# old# new# s1#
    |
114 |   let (# s2#, res# #) = casIntArray# mba# 0# old# new# s1# in
    |       ^^^^^^^^^^^^^^^^^^^^^^^^^^^^^^^^^^^^^^^^^^^^^^^^^^^^

Data/Atomics/Counter.hs:133:7: warning: [-Wunbanged-strict-patterns]
    Pattern bindings containing unlifted types should use
    an outermost bang pattern:
      (# s2#, res #) = fetchAddIntArray# mba# 0# incr# s1#
    |
133 |   let (# s2#, res #) = fetchAddIntArray# mba# 0# incr# s1# in
    |       ^^^^^^^^^^^^^^^^^^^^^^^^^^^^^^^^^^^^^^^^^^^^^^^^^^^^

Data/Atomics/Counter.hs:140:7: warning: [-Wunbanged-strict-patterns]
    Pattern bindings containing unlifted types should use
    an outermost bang pattern:
      (# s2#, _ #) = fetchAddIntArray# mba# 0# incr# s1#
    |
140 |   let (# s2#, _ #) = fetchAddIntArray# mba# 0# incr# s1# in
    |       ^^^^^^^^^^^^^^^^^^^^^^^^^^^^^^^^^^^^^^^^^^^^^^^^^^
[3 of 3] Compiling Data.Atomics     ( Data/Atomics.hs, dist/dist-sandbox-11ecf6a4/build/Data/Atomics.o )

Data/Atomics.hs:150:7: warning: [-Wunbanged-strict-patterns]
    Pattern bindings containing unlifted types should use
    an outermost bang pattern:
      (# s2#, res #) = casIntArray# mba# ix# old# new# s1#
    |
150 |   let (# s2#, res #) = casIntArray# mba# ix# old# new# s1# in
    |       ^^^^^^^^^^^^^^^^^^^^^^^^^^^^^^^^^^^^^^^^^^^^^^^^^^^^

Data/Atomics.hs:165:7: warning: [-Wunbanged-strict-patterns]
    Pattern bindings containing unlifted types should use
    an outermost bang pattern:
      (# s2#, res #) = fetchAddIntArray# mba# offset# incr# s1#
    |
165 |   let (# s2#, res #) = fetchAddIntArray# mba# offset# incr# s1# in
    |       ^^^^^^^^^^^^^^^^^^^^^^^^^^^^^^^^^^^^^^^^^^^^^^^^^^^^^^^^^

Data/Atomics.hs:218:11: warning: [-Wunbanged-strict-patterns]
    Pattern bindings containing unlifted types should use
    an outermost bang pattern:
      (# s2#, res #) = atomicOp# mba# offset# val# s1#
    |
218 |       let (# s2#, res #) = atomicOp# mba# offset# val# s1# in
    |           ^^^^^^^^^^^^^^^^^^^^^^^^^^^^^^^^^^^^^^^^^^^^^^^^

Data/Atomics.hs:230:7: warning: [-Wunbanged-strict-patterns]
    Pattern bindings containing unlifted types should use
    an outermost bang pattern:
      (# s2#, res #) = fetchAddIntArray# mba# offset# incr# s1#
    |
230 |   let (# s2#, res #) = fetchAddIntArray# mba# offset# incr# s1# in
    |       ^^^^^^^^^^^^^^^^^^^^^^^^^^^^^^^^^^^^^^^^^^^^^^^^^^^^^^^^^
Installing library in /home/runner/Cabal-Haskell/.cabal-sandbox/lib/x86_64-linux-ghc-8.6.5/atomic-primops-0.8.4-29FzMw0PMEO4hSNlSHvO8A
cabal: Leaving directory '/tmp/cabal-tmp-779/atomic-primops-0.8.4'
