cabal: Entering directory '/tmp/cabal-tmp-317/massiv-1.0.1.1'
Configuring massiv-1.0.1.1...
Preprocessing library for massiv-1.0.1.1..
Building library for massiv-1.0.1.1..
[ 1 of 47] Compiling Data.Massiv.Core.Iterator ( src/Data/Massiv/Core/Iterator.hs, dist/dist-sandbox-11ecf6a4/build/Data/Massiv/Core/Iterator.o )
[ 2 of 47] Compiling Data.Massiv.Core.Index.Internal ( src/Data/Massiv/Core/Index/Internal.hs, dist/dist-sandbox-11ecf6a4/build/Data/Massiv/Core/Index/Internal.o )
[ 3 of 47] Compiling Data.Massiv.Core.Index.Stride ( src/Data/Massiv/Core/Index/Stride.hs, dist/dist-sandbox-11ecf6a4/build/Data/Massiv/Core/Index/Stride.o )
[ 4 of 47] Compiling Data.Massiv.Core.Index.Ix ( src/Data/Massiv/Core/Index/Ix.hs, dist/dist-sandbox-11ecf6a4/build/Data/Massiv/Core/Index/Ix.o )
[ 5 of 47] Compiling Data.Massiv.Core.Index.Tuple ( src/Data/Massiv/Core/Index/Tuple.hs, dist/dist-sandbox-11ecf6a4/build/Data/Massiv/Core/Index/Tuple.o )
[ 6 of 47] Compiling Data.Massiv.Core.Exception ( src/Data/Massiv/Core/Exception.hs, dist/dist-sandbox-11ecf6a4/build/Data/Massiv/Core/Exception.o )
[ 7 of 47] Compiling Data.Massiv.Core.Index ( src/Data/Massiv/Core/Index.hs, dist/dist-sandbox-11ecf6a4/build/Data/Massiv/Core/Index.o )
[ 8 of 47] Compiling Data.Massiv.Core.Common ( src/Data/Massiv/Core/Common.hs, dist/dist-sandbox-11ecf6a4/build/Data/Massiv/Core/Common.o )
[ 9 of 47] Compiling Data.Massiv.Array.Stencil.Internal ( src/Data/Massiv/Array/Stencil/Internal.hs, dist/dist-sandbox-11ecf6a4/build/Data/Massiv/Array/Stencil/Internal.o )
[10 of 47] Compiling Data.Massiv.Array.Stencil.Unsafe ( src/Data/Massiv/Array/Stencil/Unsafe.hs, dist/dist-sandbox-11ecf6a4/build/Data/Massiv/Array/Stencil/Unsafe.o )
[11 of 47] Compiling Data.Massiv.Array.Ops.Fold.Internal ( src/Data/Massiv/Array/Ops/Fold/Internal.hs, dist/dist-sandbox-11ecf6a4/build/Data/Massiv/Array/Ops/Fold/Internal.o )
[12 of 47] Compiling Data.Massiv.Array.Mutable.Internal ( src/Data/Massiv/Array/Mutable/Internal.hs, dist/dist-sandbox-11ecf6a4/build/Data/Massiv/Array/Mutable/Internal.o )
[13 of 47] Compiling Data.Massiv.Array.Delayed.Push ( src/Data/Massiv/Array/Delayed/Push.hs, dist/dist-sandbox-11ecf6a4/build/Data/Massiv/Array/Delayed/Push.o )
[14 of 47] Compiling Data.Massiv.Core.Operations ( src/Data/Massiv/Core/Operations.hs, dist/dist-sandbox-11ecf6a4/build/Data/Massiv/Core/Operations.o )
[15 of 47] Compiling Data.Massiv.Vector.Stream ( src/Data/Massiv/Vector/Stream.hs, dist/dist-sandbox-11ecf6a4/build/Data/Massiv/Vector/Stream.o )
[16 of 47] Compiling Data.Massiv.Core.List ( src/Data/Massiv/Core/List.hs, dist/dist-sandbox-11ecf6a4/build/Data/Massiv/Core/List.o )
[17 of 47] Compiling Data.Massiv.Core ( src/Data/Massiv/Core.hs, dist/dist-sandbox-11ecf6a4/build/Data/Massiv/Core.o )
[18 of 47] Compiling Data.Massiv.Array.Delayed.Pull ( src/Data/Massiv/Array/Delayed/Pull.hs, dist/dist-sandbox-11ecf6a4/build/Data/Massiv/Array/Delayed/Pull.o )
[19 of 47] Compiling Data.Massiv.Array.Ops.Slice ( src/Data/Massiv/Array/Ops/Slice.hs, dist/dist-sandbox-11ecf6a4/build/Data/Massiv/Array/Ops/Slice.o )
[20 of 47] Compiling Data.Massiv.Array.Mutable ( src/Data/Massiv/Array/Mutable.hs, dist/dist-sandbox-11ecf6a4/build/Data/Massiv/Array/Mutable.o )
[21 of 47] Compiling Data.Massiv.Array.Ops.Construct ( src/Data/Massiv/Array/Ops/Construct.hs, dist/dist-sandbox-11ecf6a4/build/Data/Massiv/Array/Ops/Construct.o )
[22 of 47] Compiling Data.Massiv.Array.Ops.Map ( src/Data/Massiv/Array/Ops/Map.hs, dist/dist-sandbox-11ecf6a4/build/Data/Massiv/Array/Ops/Map.o )
[23 of 47] Compiling Data.Massiv.Array.Ops.Transform ( src/Data/Massiv/Array/Ops/Transform.hs, dist/dist-sandbox-11ecf6a4/build/Data/Massiv/Array/Ops/Transform.o )
[24 of 47] Compiling Data.Massiv.Array.Ops.Fold ( src/Data/Massiv/Array/Ops/Fold.hs, dist/dist-sandbox-11ecf6a4/build/Data/Massiv/Array/Ops/Fold.o )
[25 of 47] Compiling Data.Massiv.Array.Stencil.Convolution ( src/Data/Massiv/Array/Stencil/Convolution.hs, dist/dist-sandbox-11ecf6a4/build/Data/Massiv/Array/Stencil/Convolution.o )
[26 of 47] Compiling Data.Massiv.Array.Manifest.Internal ( src/Data/Massiv/Array/Manifest/Internal.hs, dist/dist-sandbox-11ecf6a4/build/Data/Massiv/Array/Manifest/Internal.o )
[27 of 47] Compiling Data.Massiv.Array.Numeric ( src/Data/Massiv/Array/Numeric.hs, dist/dist-sandbox-11ecf6a4/build/Data/Massiv/Array/Numeric.o )
[28 of 47] Compiling Data.Massiv.Array.Manifest.List ( src/Data/Massiv/Array/Manifest/List.hs, dist/dist-sandbox-11ecf6a4/build/Data/Massiv/Array/Manifest/List.o )
[29 of 47] Compiling Data.Massiv.Array.Manifest.Unboxed ( src/Data/Massiv/Array/Manifest/Unboxed.hs, dist/dist-sandbox-11ecf6a4/build/Data/Massiv/Array/Manifest/Unboxed.o )
[30 of 47] Compiling Data.Massiv.Array.Manifest.Storable ( src/Data/Massiv/Array/Manifest/Storable.hs, dist/dist-sandbox-11ecf6a4/build/Data/Massiv/Array/Manifest/Storable.o )
[31 of 47] Compiling Data.Massiv.Array.Manifest.Primitive ( src/Data/Massiv/Array/Manifest/Primitive.hs, dist/dist-sandbox-11ecf6a4/build/Data/Massiv/Array/Manifest/Primitive.o )
[32 of 47] Compiling Data.Massiv.Array.Mutable.Atomic ( src/Data/Massiv/Array/Mutable/Atomic.hs, dist/dist-sandbox-11ecf6a4/build/Data/Massiv/Array/Mutable/Atomic.o )
[33 of 47] Compiling Data.Massiv.Array.Delayed.Stream ( src/Data/Massiv/Array/Delayed/Stream.hs, dist/dist-sandbox-11ecf6a4/build/Data/Massiv/Array/Delayed/Stream.o )
[34 of 47] Compiling Data.Massiv.Array.Manifest.Boxed ( src/Data/Massiv/Array/Manifest/Boxed.hs, dist/dist-sandbox-11ecf6a4/build/Data/Massiv/Array/Manifest/Boxed.o )
[35 of 47] Compiling Data.Massiv.Array.Manifest.Vector ( src/Data/Massiv/Array/Manifest/Vector.hs, dist/dist-sandbox-11ecf6a4/build/Data/Massiv/Array/Manifest/Vector.o )
[36 of 47] Compiling Data.Massiv.Array.Manifest ( src/Data/Massiv/Array/Manifest.hs, dist/dist-sandbox-11ecf6a4/build/Data/Massiv/Array/Manifest.o )
[37 of 47] Compiling Data.Massiv.Array.Delayed.Windowed ( src/Data/Massiv/Array/Delayed/Windowed.hs, dist/dist-sandbox-11ecf6a4/build/Data/Massiv/Array/Delayed/Windowed.o )
[38 of 47] Compiling Data.Massiv.Array.Stencil ( src/Data/Massiv/Array/Stencil.hs, dist/dist-sandbox-11ecf6a4/build/Data/Massiv/Array/Stencil.o )
[39 of 47] Compiling Data.Massiv.Array.Delayed.Interleaved ( src/Data/Massiv/Array/Delayed/Interleaved.hs, dist/dist-sandbox-11ecf6a4/build/Data/Massiv/Array/Delayed/Interleaved.o )
[40 of 47] Compiling Data.Massiv.Array.Delayed ( src/Data/Massiv/Array/Delayed.hs, dist/dist-sandbox-11ecf6a4/build/Data/Massiv/Array/Delayed.o )
[41 of 47] Compiling Data.Massiv.Vector.Unsafe ( src/Data/Massiv/Vector/Unsafe.hs, dist/dist-sandbox-11ecf6a4/build/Data/Massiv/Vector/Unsafe.o )
[42 of 47] Compiling Data.Massiv.Vector ( src/Data/Massiv/Vector.hs, dist/dist-sandbox-11ecf6a4/build/Data/Massiv/Vector.o )
[43 of 47] Compiling Data.Massiv.Array.Ops.Sort ( src/Data/Massiv/Array/Ops/Sort.hs, dist/dist-sandbox-11ecf6a4/build/Data/Massiv/Array/Ops/Sort.o )
[44 of 47] Compiling Data.Massiv.Array.Mutable.Algorithms ( src/Data/Massiv/Array/Mutable/Algorithms.hs, dist/dist-sandbox-11ecf6a4/build/Data/Massiv/Array/Mutable/Algorithms.o )
[45 of 47] Compiling Data.Massiv.Array ( src/Data/Massiv/Array.hs, dist/dist-sandbox-11ecf6a4/build/Data/Massiv/Array.o )
[46 of 47] Compiling Data.Massiv.Array.Unsafe ( src/Data/Massiv/Array/Unsafe.hs, dist/dist-sandbox-11ecf6a4/build/Data/Massiv/Array/Unsafe.o )
[47 of 47] Compiling Data.Massiv.Array.Numeric.Integral ( src/Data/Massiv/Array/Numeric/Integral.hs, dist/dist-sandbox-11ecf6a4/build/Data/Massiv/Array/Numeric/Integral.o )
Installing library in /home/runner/Cabal-Haskell/.cabal-sandbox/lib/x86_64-linux-ghc-8.6.5/massiv-1.0.1.1-L90GNauR5Zg2CEbfinqC4H
cabal: Leaving directory '/tmp/cabal-tmp-317/massiv-1.0.1.1'
